<?xml version="1.0" encoding="UTF-8"?>
<!-- Generated by org.testng.reporters.JUnitXMLReporter -->
<testsuite ignored="0" hostname="WKWEJ488501635" failures="1" tests="2" name="Default test" time="1.035" errors="0" timestamp="2024-12-05T14:54:29 IST">
  <testcase classname="io.cucumber.testng.AbstractTestNGCucumberTests" name="runScenario" time="0.129"/>
  <testcase classname="io.cucumber.testng.AbstractTestNGCucumberTests" name="runScenario" time="0.029">
    <failure type="java.lang.AssertionError" message="expected [true] but found [false]">
      <![CDATA[java.lang.AssertionError: expected [true] but found [false]
at org.testng.Assert.fail(Assert.java:111)
at org.testng.Assert.failNotEquals(Assert.java:1578)
at org.testng.Assert.assertTrue(Assert.java:57)
at org.testng.Assert.assertTrue(Assert.java:67)
at steps.registrationSteps.i_add_below_nominee_details_at_the_existing_deatils(registrationSteps.java:56)
at âœ½.I add below nominee details at the existing deatils(file:///C:/Users/amrgaikw/eclipse-workspace/PracticeCucumberHooksReportsDataTable/src/test/resources/Features/RegistrationForm.feature:21)
]]>
    </failure>
  </testcase> <!-- runScenario -->
</testsuite> <!-- Default test -->
